0 info it worked if it ends with ok
1 verbose cli [ 'node',
1 verbose cli   '/usr/local/lib/node_modules/cnpm/node_modules/.bin/npm',
1 verbose cli   '--userconfig=/home/user/.cnpmrc',
1 verbose cli   '--disturl=https://npm.taobao.org/mirrors/node',
1 verbose cli   '--cache=/home/user/.cnpm',
1 verbose cli   '--registry=https://registry.npm.taobao.org',
1 verbose cli   '--node-gyp=/usr/local/lib/node_modules/cnpm/node_modules/pangyp/bin/node-gyp.js',
1 verbose cli   'install',
1 verbose cli   'angular-couch-potato',
1 verbose cli   '--save-dev' ]
2 info using npm@2.13.5
3 info using node@v0.12.7
4 verbose install initial load of /home/user/github/practice/src/frontend/package.json
5 warn package.json practice@0.0.1 No description
6 warn package.json practice@0.0.1 No repository field.
7 warn package.json practice@0.0.1 No README data
8 warn package.json practice@0.0.1 No license field.
9 verbose installManyTop reading scoped package data from /home/user/github/practice/src/frontend/node_modules/gulp/package.json
10 verbose installManyTop reading scoped package data from /home/user/github/practice/src/frontend/node_modules/gulp-autoprefixer/package.json
11 verbose installManyTop reading scoped package data from /home/user/github/practice/src/frontend/node_modules/gulp-concat/package.json
12 verbose installManyTop reading scoped package data from /home/user/github/practice/src/frontend/node_modules/gulp-minify-css/package.json
13 verbose installManyTop reading scoped package data from /home/user/github/practice/src/frontend/node_modules/gulp-rename/package.json
14 verbose installManyTop reading scoped package data from /home/user/github/practice/src/frontend/node_modules/gulp-sass/package.json
15 verbose installManyTop reading scoped package data from /home/user/github/practice/src/frontend/node_modules/gulp-uglify/package.json
16 info package.json gulp-rename@1.2.2 No license field.
17 verbose readDependencies loading dependencies from /home/user/github/practice/src/frontend/package.json
18 silly cache add args [ 'angular-couch-potato', null ]
19 verbose cache add spec angular-couch-potato
20 silly cache add parsed spec { raw: 'angular-couch-potato',
20 silly cache add   scope: null,
20 silly cache add   name: 'angular-couch-potato',
20 silly cache add   rawSpec: '',
20 silly cache add   spec: '*',
20 silly cache add   type: 'range' }
21 silly addNamed angular-couch-potato@*
22 verbose addNamed "*" is a valid semver range for angular-couch-potato
23 silly addNameRange { name: 'angular-couch-potato', range: '*', hasData: false }
24 silly mapToRegistry name angular-couch-potato
25 silly mapToRegistry using default registry
26 silly mapToRegistry registry https://registry.npm.taobao.org/
27 silly mapToRegistry uri https://registry.npm.taobao.org/angular-couch-potato
28 verbose addNameRange registry:https://registry.npm.taobao.org/angular-couch-potato not in flight; fetching
29 verbose request uri https://registry.npm.taobao.org/angular-couch-potato
30 verbose request no auth needed
31 info attempt registry request try #1 at 08:52:17
32 verbose request id 9ce23cea45203081
33 http request GET https://registry.npm.taobao.org/angular-couch-potato
34 http 404 https://registry.npm.taobao.org/angular-couch-potato
35 verbose headers { 'content-type': 'application/json',
35 verbose headers   'cache-control': 'max-age=0',
35 verbose headers   'content-length': '2',
35 verbose headers   'accept-ranges': 'bytes',
35 verbose headers   date: 'Tue, 15 Sep 2015 00:52:18 GMT',
35 verbose headers   via: '1.1 varnish',
35 verbose headers   age: '0',
35 verbose headers   connection: 'close',
35 verbose headers   'x-served-by': 'cache-nrt6134-NRT',
35 verbose headers   'x-cache': 'MISS',
35 verbose headers   'x-cache-hits': '0',
35 verbose headers   'x-timer': 'S1442278337.889258,VS0,VE187' }
36 silly get cb [ 404,
36 silly get   { 'content-type': 'application/json',
36 silly get     'cache-control': 'max-age=0',
36 silly get     'content-length': '2',
36 silly get     'accept-ranges': 'bytes',
36 silly get     date: 'Tue, 15 Sep 2015 00:52:18 GMT',
36 silly get     via: '1.1 varnish',
36 silly get     age: '0',
36 silly get     connection: 'close',
36 silly get     'x-served-by': 'cache-nrt6134-NRT',
36 silly get     'x-cache': 'MISS',
36 silly get     'x-cache-hits': '0',
36 silly get     'x-timer': 'S1442278337.889258,VS0,VE187' } ]
37 verbose stack Error: Registry returned 404 for GET on https://registry.npm.taobao.org/angular-couch-potato
37 verbose stack     at CachingRegistryClient.<anonymous> (/usr/local/lib/node_modules/cnpm/node_modules/npm/node_modules/npm-registry-client/lib/request.js:239:14)
37 verbose stack     at Request._callback (/usr/local/lib/node_modules/cnpm/node_modules/npm/node_modules/npm-registry-client/lib/request.js:170:14)
37 verbose stack     at Request.self.callback (/usr/local/lib/node_modules/cnpm/node_modules/npm/node_modules/request/request.js:198:22)
37 verbose stack     at Request.emit (events.js:110:17)
37 verbose stack     at Request.<anonymous> (/usr/local/lib/node_modules/cnpm/node_modules/npm/node_modules/request/request.js:1057:14)
37 verbose stack     at Request.emit (events.js:129:20)
37 verbose stack     at IncomingMessage.<anonymous> (/usr/local/lib/node_modules/cnpm/node_modules/npm/node_modules/request/request.js:1003:12)
37 verbose stack     at IncomingMessage.emit (events.js:129:20)
37 verbose stack     at _stream_readable.js:908:16
37 verbose stack     at process._tickCallback (node.js:355:11)
38 verbose statusCode 404
39 verbose pkgid angular-couch-potato
40 verbose cwd /home/user/github/practice/src/frontend
41 error Linux 3.16.0-48-generic
42 error argv "node" "/usr/local/lib/node_modules/cnpm/node_modules/.bin/npm" "--userconfig=/home/user/.cnpmrc" "--disturl=https://npm.taobao.org/mirrors/node" "--cache=/home/user/.cnpm" "--registry=https://registry.npm.taobao.org" "--node-gyp=/usr/local/lib/node_modules/cnpm/node_modules/pangyp/bin/node-gyp.js" "install" "angular-couch-potato" "--save-dev"
43 error node v0.12.7
44 error npm  v2.13.5
45 error code E404
46 error 404 Registry returned 404 for GET on https://registry.npm.taobao.org/angular-couch-potato
46 error 404
46 error 404 'angular-couch-potato' is not in the npm registry.
46 error 404 You should bug the author to publish it (or use the name yourself!)
46 error 404 It was specified as a dependency of 'practice'
46 error 404
46 error 404 Note that you can also install from a
46 error 404 tarball, folder, http url, or git url.
47 verbose exit [ 1, true ]
